C51 COMPILER V9.60.0.0   SERVO                                                             06/23/2026 21:27:16 PAGE 1   


C51 COMPILER V9.60.0.0, COMPILATION OF MODULE SERVO
OBJECT MODULE PLACED IN .\Objects\servo.obj
COMPILER INVOKED BY: D:\Keil5\Keil_v5\C51\BIN\C51.EXE servo.c OPTIMIZE(8,SPEED) BROWSE DEBUG OBJECTEXTEND PRINT(.\Listin
                    -gs\servo.lst) OBJECT(.\Objects\servo.obj)

line level    source

   1          #include "reg51.h"
   2          
   3          #define STEP_DELAY 40
   4          #define STEP 5
   5          
   6          sbit KEY1 = P3^7;
   7          sbit KEY2 = P3^6;
   8          sbit SG90 = P1^7;
   9          
  10          unsigned char count;
  11          unsigned char pulse_now;
  12          unsigned char pulse_target;
  13          unsigned char step_cnt;
  14          
  15          void delay_ms(unsigned int ms)
  16          {
  17   1          unsigned int i, j;
  18   1          for(i = ms; i > 0; i--)
  19   1              for(j = 250; j > 0; j--);
  20   1      }
  21          
  22          void main()
  23          {
  24   1          SG90 = 0;
  25   1      
  26   1          TMOD = 0x01;
  27   1          TH0 = 0xFF;
  28   1          TL0 = 0x9C;
  29   1          EA = 1;
  30   1          ET0 = 1;
  31   1          TR0 = 1;
  32   1      
  33   1          pulse_now = 5;
  34   1          pulse_target = 5;
  35   1          count = 0;
  36   1          step_cnt = 0;
  37   1      
  38   1          while(1)
  39   1          {
  40   2              if(KEY1 == 0)
  41   2              {
  42   3                  delay_ms(40);
  43   3                  if(KEY1 == 0)
  44   3                  {
  45   4                      if(pulse_now <= 20)
  46   4                          pulse_target = pulse_now + STEP;
  47   4                      else
  48   4                          pulse_target = 25;
  49   4                      step_cnt = 0;
  50   4                      while(KEY1 == 0);
  51   4                  }
  52   3              }
  53   2              if(KEY2 == 0)
  54   2              {
C51 COMPILER V9.60.0.0   SERVO                                                             06/23/2026 21:27:16 PAGE 2   

  55   3                  delay_ms(40);
  56   3                  if(KEY2 == 0)
  57   3                  {
  58   4                      if(pulse_now >= 10)
  59   4                          pulse_target = pulse_now - STEP;
  60   4                      else
  61   4                          pulse_target = 5;
  62   4                      step_cnt = 0;
  63   4                      while(KEY2 == 0);
  64   4                  }
  65   3              }
  66   2          }
  67   1      }
  68          
  69          void timer0() interrupt 1
  70          {
  71   1          TH0 = 0xFF;
  72   1          TL0 = 0x9C;
  73   1      
  74   1          if(++count >= 200)
  75   1              count = 0;
  76   1      
  77   1          SG90 = (count < pulse_now);
  78   1      
  79   1          if(pulse_now != pulse_target)
  80   1          {
  81   2              if(++step_cnt >= STEP_DELAY)
  82   2              {
  83   3                  step_cnt = 0;
  84   3                  if(pulse_now < pulse_target)
  85   3                      pulse_now++;
  86   3                  else
  87   3                      pulse_now--;
  88   3              }
  89   2          }
  90   1      }


MODULE INFORMATION:   STATIC OVERLAYABLE
   CODE SIZE        =    219    ----
   CONSTANT SIZE    =   ----    ----
   XDATA SIZE       =   ----    ----
   PDATA SIZE       =   ----    ----
   DATA SIZE        =      4    ----
   IDATA SIZE       =   ----    ----
   BIT SIZE         =   ----    ----
END OF MODULE INFORMATION.


C51 COMPILATION COMPLETE.  0 WARNING(S),  0 ERROR(S)
